{
  "numFailedTestSuites": 0,
  "numFailedTests": 0,
  "numPassedTestSuites": 1,
  "numPassedTests": 19,
  "numPendingTestSuites": 0,
  "numPendingTests": 0,
  "numRuntimeErrorTestSuites": 0,
  "numTodoTests": 5,
  "numTotalTestSuites": 1,
  "numTotalTests": 24,
  "openHandles": [],
  "snapshot": {
    "added": 0,
    "didUpdate": false,
    "failure": false,
    "filesAdded": 0,
    "filesRemoved": 0,
    "filesRemovedList": [],
    "filesUnmatched": 0,
    "filesUpdated": 0,
    "matched": 0,
    "total": 0,
    "unchecked": 0,
    "uncheckedKeysByFile": [],
    "unmatched": 0,
    "updated": 0
  },
  "startTime": 1757747211205,
  "success": false,
  "testResults": [
    {
      "leaks": false,
      "numFailingTests": 0,
      "numPassingTests": 19,
      "numPendingTests": 0,
      "numTodoTests": 5,
      "openHandles": [],
      "perfStats": {
        "end": 1757747211395,
        "loadTestEnvironmentEnd": 1757747211243,
        "loadTestEnvironmentStart": 1757747211227,
        "runtime": 151,
        "setupAfterEnvEnd": 1757747211283,
        "setupAfterEnvStart": 1757747211282,
        "setupFilesEnd": 1757747211244,
        "setupFilesStart": 1757747211244,
        "slow": false,
        "start": 1757747211244
      },
      "skipped": false,
      "snapshot": {
        "added": 0,
        "fileDeleted": false,
        "matched": 0,
        "unchecked": 0,
        "uncheckedKeys": [],
        "unmatched": 0,
        "updated": 0
      },
      "testFilePath": "/Users/tangshuokun/京城一灯/web3-college/tests/unit/test.spec.ts",
      "testResults": [
        {
          "ancestorTitles": [
            "Web3 College 综合测试套件",
            "✅ 基础功能测试 (PASS)"
          ],
          "duration": 1,
          "failing": false,
          "failureDetails": [],
          "failureMessages": [],
          "fullName": "Web3 College 综合测试套件 ✅ 基础功能测试 (PASS) 应该正确计算数学运算",
          "invocations": 1,
          "location": null,
          "numPassingAsserts": 3,
          "retryReasons": [],
          "startAt": 1757747211285,
          "status": "passed",
          "title": "应该正确计算数学运算"
        },
        {
          "ancestorTitles": [
            "Web3 College 综合测试套件",
            "✅ 基础功能测试 (PASS)"
          ],
          "duration": 0,
          "failing": false,
          "failureDetails": [],
          "failureMessages": [],
          "fullName": "Web3 College 综合测试套件 ✅ 基础功能测试 (PASS) 应该正确验证字符串操作",
          "invocations": 1,
          "location": null,
          "numPassingAsserts": 3,
          "retryReasons": [],
          "startAt": 1757747211286,
          "status": "passed",
          "title": "应该正确验证字符串操作"
        },
        {
          "ancestorTitles": [
            "Web3 College 综合测试套件",
            "✅ 基础功能测试 (PASS)"
          ],
          "duration": 0,
          "failing": false,
          "failureDetails": [],
          "failureMessages": [],
          "fullName": "Web3 College 综合测试套件 ✅ 基础功能测试 (PASS) 应该正确验证数组操作",
          "invocations": 1,
          "location": null,
          "numPassingAsserts": 3,
          "retryReasons": [],
          "startAt": 1757747211286,
          "status": "passed",
          "title": "应该正确验证数组操作"
        },
        {
          "ancestorTitles": [
            "Web3 College 综合测试套件",
            "✅ 基础功能测试 (PASS)"
          ],
          "duration": 0,
          "failing": false,
          "failureDetails": [],
          "failureMessages": [],
          "fullName": "Web3 College 综合测试套件 ✅ 基础功能测试 (PASS) 应该正确验证对象属性",
          "invocations": 1,
          "location": null,
          "numPassingAsserts": 4,
          "retryReasons": [],
          "startAt": 1757747211287,
          "status": "passed",
          "title": "应该正确验证对象属性"
        },
        {
          "ancestorTitles": [
            "Web3 College 综合测试套件",
            "✅ 错误检测测试 (PASS)"
          ],
          "duration": 0,
          "failing": false,
          "failureDetails": [],
          "failureMessages": [],
          "fullName": "Web3 College 综合测试套件 ✅ 错误检测测试 (PASS) 应该正确计算数学运算",
          "invocations": 1,
          "location": null,
          "numPassingAsserts": 1,
          "retryReasons": [],
          "startAt": 1757747211287,
          "status": "passed",
          "title": "应该正确计算数学运算"
        },
        {
          "ancestorTitles": [
            "Web3 College 综合测试套件",
            "✅ 错误检测测试 (PASS)"
          ],
          "duration": 0,
          "failing": false,
          "failureDetails": [],
          "failureMessages": [],
          "fullName": "Web3 College 综合测试套件 ✅ 错误检测测试 (PASS) 应该正确验证字符串匹配",
          "invocations": 1,
          "location": null,
          "numPassingAsserts": 1,
          "retryReasons": [],
          "startAt": 1757747211287,
          "status": "passed",
          "title": "应该正确验证字符串匹配"
        },
        {
          "ancestorTitles": [
            "Web3 College 综合测试套件",
            "✅ 错误检测测试 (PASS)"
          ],
          "duration": 0,
          "failing": false,
          "failureDetails": [],
          "failureMessages": [],
          "fullName": "Web3 College 综合测试套件 ✅ 错误检测测试 (PASS) 应该正确验证数组长度",
          "invocations": 1,
          "location": null,
          "numPassingAsserts": 1,
          "retryReasons": [],
          "startAt": 1757747211287,
          "status": "passed",
          "title": "应该正确验证数组长度"
        },
        {
          "ancestorTitles": [
            "Web3 College 综合测试套件",
            "✅ 错误检测测试 (PASS)"
          ],
          "duration": 0,
          "failing": false,
          "failureDetails": [],
          "failureMessages": [],
          "fullName": "Web3 College 综合测试套件 ✅ 错误检测测试 (PASS) 应该正确验证对象属性",
          "invocations": 1,
          "location": null,
          "numPassingAsserts": 2,
          "retryReasons": [],
          "startAt": 1757747211287,
          "status": "passed",
          "title": "应该正确验证对象属性"
        },
        {
          "ancestorTitles": [
            "Web3 College 综合测试套件",
            "⏳ 待实现功能测试 (PENDING)"
          ],
          "duration": null,
          "failing": false,
          "failureDetails": [],
          "failureMessages": [],
          "fullName": "Web3 College 综合测试套件 ⏳ 待实现功能测试 (PENDING) 应该实现用户注册功能",
          "invocations": 1,
          "location": null,
          "numPassingAsserts": 0,
          "retryReasons": [],
          "startAt": 1757747211288,
          "status": "todo",
          "title": "应该实现用户注册功能"
        },
        {
          "ancestorTitles": [
            "Web3 College 综合测试套件",
            "⏳ 待实现功能测试 (PENDING)"
          ],
          "duration": null,
          "failing": false,
          "failureDetails": [],
          "failureMessages": [],
          "fullName": "Web3 College 综合测试套件 ⏳ 待实现功能测试 (PENDING) 应该实现课程购买功能",
          "invocations": 1,
          "location": null,
          "numPassingAsserts": 0,
          "retryReasons": [],
          "startAt": 1757747211288,
          "status": "todo",
          "title": "应该实现课程购买功能"
        },
        {
          "ancestorTitles": [
            "Web3 College 综合测试套件",
            "⏳ 待实现功能测试 (PENDING)"
          ],
          "duration": null,
          "failing": false,
          "failureDetails": [],
          "failureMessages": [],
          "fullName": "Web3 College 综合测试套件 ⏳ 待实现功能测试 (PENDING) 应该实现支付系统集成",
          "invocations": 1,
          "location": null,
          "numPassingAsserts": 0,
          "retryReasons": [],
          "startAt": 1757747211288,
          "status": "todo",
          "title": "应该实现支付系统集成"
        },
        {
          "ancestorTitles": [
            "Web3 College 综合测试套件",
            "⏳ 待实现功能测试 (PENDING)"
          ],
          "duration": null,
          "failing": false,
          "failureDetails": [],
          "failureMessages": [],
          "fullName": "Web3 College 综合测试套件 ⏳ 待实现功能测试 (PENDING) 应该实现用户权限管理",
          "invocations": 1,
          "location": null,
          "numPassingAsserts": 0,
          "retryReasons": [],
          "startAt": 1757747211288,
          "status": "todo",
          "title": "应该实现用户权限管理"
        },
        {
          "ancestorTitles": [
            "Web3 College 综合测试套件",
            "⏳ 待实现功能测试 (PENDING)"
          ],
          "duration": null,
          "failing": false,
          "failureDetails": [],
          "failureMessages": [],
          "fullName": "Web3 College 综合测试套件 ⏳ 待实现功能测试 (PENDING) 应该实现课程评价系统",
          "invocations": 1,
          "location": null,
          "numPassingAsserts": 0,
          "retryReasons": [],
          "startAt": 1757747211288,
          "status": "todo",
          "title": "应该实现课程评价系统"
        },
        {
          "ancestorTitles": [
            "Web3 College 综合测试套件",
            "🔄 异步功能测试"
          ],
          "duration": 0,
          "failing": false,
          "failureDetails": [],
          "failureMessages": [],
          "fullName": "Web3 College 综合测试套件 🔄 异步功能测试 应该正确处理 Promise 成功",
          "invocations": 1,
          "location": null,
          "numPassingAsserts": 1,
          "retryReasons": [],
          "startAt": 1757747211288,
          "status": "passed",
          "title": "应该正确处理 Promise 成功"
        },
        {
          "ancestorTitles": [
            "Web3 College 综合测试套件",
            "🔄 异步功能测试"
          ],
          "duration": 3,
          "failing": false,
          "failureDetails": [],
          "failureMessages": [],
          "fullName": "Web3 College 综合测试套件 🔄 异步功能测试 应该正确处理 Promise 失败",
          "invocations": 1,
          "location": null,
          "numPassingAsserts": 1,
          "retryReasons": [],
          "startAt": 1757747211288,
          "status": "passed",
          "title": "应该正确处理 Promise 失败"
        },
        {
          "ancestorTitles": [
            "Web3 College 综合测试套件",
            "🔄 异步功能测试"
          ],
          "duration": 102,
          "failing": false,
          "failureDetails": [],
          "failureMessages": [],
          "fullName": "Web3 College 综合测试套件 🔄 异步功能测试 应该正确处理 setTimeout",
          "invocations": 1,
          "location": null,
          "numPassingAsserts": 1,
          "retryReasons": [],
          "startAt": 1757747211291,
          "status": "passed",
          "title": "应该正确处理 setTimeout"
        },
        {
          "ancestorTitles": [
            "Web3 College 综合测试套件",
            "🎭 模拟功能测试"
          ],
          "duration": 1,
          "failing": false,
          "failureDetails": [],
          "failureMessages": [],
          "fullName": "Web3 College 综合测试套件 🎭 模拟功能测试 应该正确模拟函数调用",
          "invocations": 1,
          "location": null,
          "numPassingAsserts": 2,
          "retryReasons": [],
          "startAt": 1757747211393,
          "status": "passed",
          "title": "应该正确模拟函数调用"
        },
        {
          "ancestorTitles": [
            "Web3 College 综合测试套件",
            "🎭 模拟功能测试"
          ],
          "duration": 0,
          "failing": false,
          "failureDetails": [],
          "failureMessages": [],
          "fullName": "Web3 College 综合测试套件 🎭 模拟功能测试 应该正确模拟返回值",
          "invocations": 1,
          "location": null,
          "numPassingAsserts": 1,
          "retryReasons": [],
          "startAt": 1757747211394,
          "status": "passed",
          "title": "应该正确模拟返回值"
        },
        {
          "ancestorTitles": [
            "Web3 College 综合测试套件",
            "🔍 边界条件测试"
          ],
          "duration": 0,
          "failing": false,
          "failureDetails": [],
          "failureMessages": [],
          "fullName": "Web3 College 综合测试套件 🔍 边界条件测试 应该处理空数组",
          "invocations": 1,
          "location": null,
          "numPassingAsserts": 2,
          "retryReasons": [],
          "startAt": 1757747211394,
          "status": "passed",
          "title": "应该处理空数组"
        },
        {
          "ancestorTitles": [
            "Web3 College 综合测试套件",
            "🔍 边界条件测试"
          ],
          "duration": 0,
          "failing": false,
          "failureDetails": [],
          "failureMessages": [],
          "fullName": "Web3 College 综合测试套件 🔍 边界条件测试 应该处理 null 和 undefined",
          "invocations": 1,
          "location": null,
          "numPassingAsserts": 3,
          "retryReasons": [],
          "startAt": 1757747211394,
          "status": "passed",
          "title": "应该处理 null 和 undefined"
        },
        {
          "ancestorTitles": [
            "Web3 College 综合测试套件",
            "🔍 边界条件测试"
          ],
          "duration": 0,
          "failing": false,
          "failureDetails": [],
          "failureMessages": [],
          "fullName": "Web3 College 综合测试套件 🔍 边界条件测试 应该处理数字边界值",
          "invocations": 1,
          "location": null,
          "numPassingAsserts": 2,
          "retryReasons": [],
          "startAt": 1757747211394,
          "status": "passed",
          "title": "应该处理数字边界值"
        },
        {
          "ancestorTitles": [
            "Web3 College 综合测试套件",
            "🏢 业务逻辑测试"
          ],
          "duration": 0,
          "failing": false,
          "failureDetails": [],
          "failureMessages": [],
          "fullName": "Web3 College 综合测试套件 🏢 业务逻辑测试 应该正确过滤已发布的课程",
          "invocations": 1,
          "location": null,
          "numPassingAsserts": 2,
          "retryReasons": [],
          "startAt": 1757747211394,
          "status": "passed",
          "title": "应该正确过滤已发布的课程"
        },
        {
          "ancestorTitles": [
            "Web3 College 综合测试套件",
            "🏢 业务逻辑测试"
          ],
          "duration": 0,
          "failing": false,
          "failureDetails": [],
          "failureMessages": [],
          "fullName": "Web3 College 综合测试套件 🏢 业务逻辑测试 应该正确计算课程总价值",
          "invocations": 1,
          "location": null,
          "numPassingAsserts": 1,
          "retryReasons": [],
          "startAt": 1757747211394,
          "status": "passed",
          "title": "应该正确计算课程总价值"
        },
        {
          "ancestorTitles": [
            "Web3 College 综合测试套件",
            "🏢 业务逻辑测试"
          ],
          "duration": 1,
          "failing": false,
          "failureDetails": [],
          "failureMessages": [],
          "fullName": "Web3 College 综合测试套件 🏢 业务逻辑测试 应该正确查找特定作者的课程",
          "invocations": 1,
          "location": null,
          "numPassingAsserts": 2,
          "retryReasons": [],
          "startAt": 1757747211394,
          "status": "passed",
          "title": "应该正确查找特定作者的课程"
        }
      ],
      "failureMessage": null
    }
  ],
  "wasInterrupted": false
}